# JRE version: OpenJDK Runtime Environment (11.0.8+10) (build 11.0.8+10-b944.6842174)
# Java VM: OpenJDK 64-Bit Server VM (11.0.8+10-b944.6842174, mixed mode, tiered, compressed oops, g1 gc, windows-amd64)
Heap:
 garbage-first heap   total 360448K, used 145166K [0x0000000080000000, 0x0000000100000000)
  region size 1024K, 20 young (20480K), 2 survivors (2048K)
 Metaspace       used 183127K, capacity 187645K, committed 190288K, reserved 1214464K
  class space    used 22364K, capacity 23958K, committed 24576K, reserved 1048576K
GC Heap History (20 events):
Event: 16557.805 GC heap before
{Heap before GC invocations=347 (full 0):
 garbage-first heap   total 360448K, used 147622K [0x0000000080000000, 0x0000000100000000)
  region size 1024K, 17 young (17408K), 5 survivors (5120K)
 Metaspace       used 163532K, capacity 169020K, committed 169168K, reserved 1196032K
  class space    used 19956K, capacity 21773K, committed 21888K, reserved 1048576K
}
Event: 16557.810 GC heap after
{Heap after GC invocations=348 (full 0):
 garbage-first heap   total 360448K, used 133349K [0x0000000080000000, 0x0000000100000000)
  region size 1024K, 1 young (1024K), 1 survivors (1024K)
 Metaspace       used 163532K, capacity 169020K, committed 169168K, reserved 1196032K
  class space    used 19956K, capacity 21773K, committed 21888K, reserved 1048576K
}
Event: 16557.964 GC heap before
{Heap before GC invocations=348 (full 0):
 garbage-first heap   total 360448K, used 167141K [0x0000000080000000, 0x0000000100000000)
  region size 1024K, 35 young (35840K), 1 survivors (1024K)
 Metaspace       used 163583K, capacity 169023K, committed 169168K, reserved 1196032K
  class space    used 19962K, capacity 21774K, committed 21888K, reserved 1048576K
}
Event: 16557.966 GC heap after
{Heap after GC invocations=349 (full 0):
 garbage-first heap   total 360448K, used 133767K [0x0000000080000000, 0x0000000100000000)
  region size 1024K, 1 young (1024K), 1 survivors (1024K)
 Metaspace       used 163583K, capacity 169023K, committed 169168K, reserved 1196032K
  class space    used 19962K, capacity 21774K, committed 21888K, reserved 1048576K
}
Event: 16558.604 GC heap before
{Heap before GC invocations=350 (full 0):
 garbage-first heap   total 360448K, used 300679K [0x0000000080000000, 0x0000000100000000)
  region size 1024K, 162 young (165888K), 1 survivors (1024K)
 Metaspace       used 163820K, capacity 169251K, committed 169424K, reserved 1198080K
  class space    used 19977K, capacity 21807K, committed 21888K, reserved 1048576K
}
Event: 16558.608 GC heap after
{Heap after GC invocations=351 (full 0):
 garbage-first heap   total 360448K, used 138054K [0x0000000080000000, 0x0000000100000000)
  region size 1024K, 4 young (4096K), 4 survivors (4096K)
 Metaspace       used 163820K, capacity 169251K, committed 169424K, reserved 1198080K
  class space    used 19977K, capacity 21807K, committed 21888K, reserved 1048576K
}
Event: 16558.649 GC heap before
{Heap before GC invocations=351 (full 0):
 garbage-first heap   total 360448K, used 151366K [0x0000000080000000, 0x0000000100000000)
  region size 1024K, 17 young (17408K), 4 survivors (4096K)
 Metaspace       used 163823K, capacity 169251K, committed 169424K, reserved 1198080K
  class space    used 19979K, capacity 21807K, committed 21888K, reserved 1048576K
}
Event: 16558.669 GC heap after
{Heap after GC invocations=352 (full 0):
 garbage-first heap   total 360448K, used 136917K [0x0000000080000000, 0x0000000100000000)
  region size 1024K, 1 young (1024K), 1 survivors (1024K)
 Metaspace       used 163823K, capacity 169251K, committed 169424K, reserved 1198080K
  class space    used 19979K, capacity 21807K, committed 21888K, reserved 1048576K
}
Event: 19762.907 GC heap before
{Heap before GC invocations=352 (full 0):
 garbage-first heap   total 360448K, used 299733K [0x0000000080000000, 0x0000000100000000)
  region size 1024K, 161 young (164864K), 1 survivors (1024K)
 Metaspace       used 169539K, capacity 175121K, committed 175184K, reserved 1202176K
  class space    used 20589K, capacity 22474K, committed 22528K, reserved 1048576K
}
Event: 19763.172 GC heap after
{Heap after GC invocations=353 (full 0):
 garbage-first heap   total 360448K, used 136331K [0x0000000080000000, 0x0000000100000000)
  region size 1024K, 2 young (2048K), 2 survivors (2048K)
 Metaspace       used 169539K, capacity 175121K, committed 175184K, reserved 1202176K
  class space    used 20589K, capacity 22474K, committed 22528K, reserved 1048576K
}
Event: 25259.032 GC heap before
{Heap before GC invocations=354 (full 0):
 garbage-first heap   total 360448K, used 301954K [0x0000000080000000, 0x0000000100000000)
  region size 1024K, 165 young (168960K), 2 survivors (2048K)
 Metaspace       used 167310K, capacity 171672K, committed 175184K, reserved 1202176K
  class space    used 20159K, capacity 21662K, committed 22528K, reserved 1048576K
}
Event: 25259.087 GC heap after
{Heap after GC invocations=355 (full 0):
 garbage-first heap   total 360448K, used 137638K [0x0000000080000000, 0x0000000100000000)
  region size 1024K, 5 young (5120K), 5 survivors (5120K)
 Metaspace       used 167310K, capacity 171672K, committed 175184K, reserved 1202176K
  class space    used 20159K, capacity 21662K, committed 22528K, reserved 1048576K
}
Event: 25259.365 GC heap before
{Heap before GC invocations=355 (full 0):
 garbage-first heap   total 360448K, used 148902K [0x0000000080000000, 0x0000000100000000)
  region size 1024K, 17 young (17408K), 5 survivors (5120K)
 Metaspace       used 169400K, capacity 173737K, committed 176464K, reserved 1204224K
  class space    used 20368K, capacity 21860K, committed 22528K, reserved 1048576K
}
Event: 25259.553 GC heap after
{Heap after GC invocations=356 (full 0):
 garbage-first heap   total 360448K, used 119406K [0x0000000080000000, 0x0000000100000000)
  region size 1024K, 1 young (1024K), 1 survivors (1024K)
 Metaspace       used 169400K, capacity 173737K, committed 176464K, reserved 1204224K
  class space    used 20368K, capacity 21860K, committed 22528K, reserved 1048576K
}
Event: 25260.624 GC heap before
{Heap before GC invocations=356 (full 0):
 garbage-first heap   total 360448K, used 159342K [0x0000000080000000, 0x0000000100000000)
  region size 1024K, 42 young (43008K), 1 survivors (1024K)
 Metaspace       used 172466K, capacity 176847K, committed 179536K, reserved 1206272K
  class space    used 20773K, capacity 22298K, committed 23040K, reserved 1048576K
}
Event: 25260.641 GC heap after
{Heap after GC invocations=357 (full 0):
 garbage-first heap   total 360448K, used 122573K [0x0000000080000000, 0x0000000100000000)
  region size 1024K, 4 young (4096K), 4 survivors (4096K)
 Metaspace       used 172466K, capacity 176847K, committed 179536K, reserved 1206272K
  class space    used 20773K, capacity 22298K, committed 23040K, reserved 1048576K
}
Event: 25268.697 GC heap before
{Heap before GC invocations=358 (full 0):
 garbage-first heap   total 360448K, used 279245K [0x0000000080000000, 0x0000000100000000)
  region size 1024K, 156 young (159744K), 4 survivors (4096K)
 Metaspace       used 182623K, capacity 187124K, committed 189648K, reserved 1214464K
  class space    used 22311K, capacity 23891K, committed 24448K, reserved 1048576K
}
Event: 25268.912 GC heap after
{Heap after GC invocations=359 (full 0):
 garbage-first heap   total 360448K, used 136673K [0x0000000080000000, 0x0000000100000000)
  region size 1024K, 18 young (18432K), 18 survivors (18432K)
 Metaspace       used 182623K, capacity 187124K, committed 189648K, reserved 1214464K
  class space    used 22311K, capacity 23891K, committed 24448K, reserved 1048576K
}
Event: 25268.921 GC heap before
{Heap before GC invocations=359 (full 0):
 garbage-first heap   total 360448K, used 137697K [0x0000000080000000, 0x0000000100000000)
  region size 1024K, 19 young (19456K), 18 survivors (18432K)
 Metaspace       used 182640K, capacity 187188K, committed 189648K, reserved 1214464K
  class space    used 22311K, capacity 23891K, committed 24448K, reserved 1048576K
}
Event: 25269.164 GC heap after
{Heap after GC invocations=360 (full 0):
 garbage-first heap   total 360448K, used 126734K [0x0000000080000000, 0x0000000100000000)
  region size 1024K, 2 young (2048K), 2 survivors (2048K)
 Metaspace       used 182640K, capacity 187188K, committed 189648K, reserved 1214464K
  class space    used 22311K, capacity 23891K, committed 24448K, reserved 1048576K
}

